<?xml version="1.0" encoding="UTF-8"?>
<!-- Generated by org.testng.reporters.JUnitReportReporter -->
<testsuite skipped="0" hostname="DESKTOP-S8UUUM9" name="Test.loginTest" tests="1" failures="0" timestamp="02 May 2020 00:58:25 GMT" time="1.416" errors="0">
  <testcase name="test" time="1.416" classname="Test.loginTest"/>
</testsuite> <!-- Test.loginTest -->
