<?xml version="1.0" encoding="UTF-8"?>
<!-- Generated by org.testng.reporters.JUnitReportReporter -->
<testsuite skipped="0" hostname="DESKTOP-S8UUUM9" name="Academy.validateNabigationTab" tests="1" failures="0" timestamp="2020-05-06T00:25:22 EDT" time="0.665" errors="0">
  <testcase name="basePageNavigation" time="0.665" classname="Academy.validateNabigationTab"/>
  <system-out/>
</testsuite> <!-- Academy.validateNabigationTab -->
