<?xml version="1.0" encoding="UTF-8"?>
<!-- Generated by org.testng.reporters.JUnitReportReporter -->
<testsuite skipped="0" hostname="DESKTOP-S8UUUM9" name="Test.loginPageTest01" tests="1" failures="0" timestamp="28 Apr 2020 03:09:52 GMT" time="20.248" errors="0">
  <testcase name="logintest" time="20.248" classname="Test.loginPageTest01"/>
</testsuite> <!-- Test.loginPageTest01 -->
